<?xml version="1.0" encoding="UTF-8"?>
<!-- Generated by org.testng.reporters.JUnitReportReporter -->
<testsuite hostname="DESKTOP-2MREMLJ" name="testscripts.VerifyLogin" tests="1" failures="0" timestamp="9 Oct 2017 13:46:11 GMT" time="104.102" errors="0">
  <testcase name="testVerifyLogin" time="104.102" classname="testscripts.VerifyLogin"/>
</testsuite> <!-- testscripts.VerifyLogin -->
