<?xml version="1.0" encoding="UTF-8"?>
<!-- Generated by org.testng.reporters.JUnitReportReporter -->
<testsuite hostname="DESKTOP-2MREMLJ" name="testscripts.Login" tests="1" failures="0" timestamp="9 Oct 2017 08:24:04 GMT" time="26.740" errors="0">
  <testcase name="loginModule" time="26.740" classname="testscripts.Login"/>
</testsuite> <!-- testscripts.Login -->
